<?xml version="1.0" encoding="UTF-8"?>
<testng-results skipped="0" failed="0" ignored="0" total="1" passed="1">
  <reporter-output>
  </reporter-output>
  <suite name="Suite" duration-ms="48904" started-at="2018-05-07T14:07:14Z" finished-at="2018-05-07T14:08:03Z">
    <groups>
    </groups>
    <test name="Test" duration-ms="48904" started-at="2018-05-07T14:07:14Z" finished-at="2018-05-07T14:08:03Z">
      <class name="com.qa.testCases.TestScripts_001">
        <test-method status="PASS" signature="setUp()[pri:0, instance:com.qa.testCases.TestScripts_001@13fcdbd]" name="setUp" duration-ms="48821" started-at="2018-05-07T14:07:15Z" finished-at="2018-05-07T14:08:03Z">
          <reporter-output>
          </reporter-output>
        </test-method> <!-- setUp -->
      </class> <!-- com.qa.testCases.TestScripts_001 -->
    </test> <!-- Test -->
  </suite> <!-- Suite -->
</testng-results>
