<?xml version="1.0" encoding="UTF-8"?>
<testng-results skipped="0" failed="0" ignored="0" total="1" passed="1">
  <reporter-output>
  </reporter-output>
  <suite name="Suite" duration-ms="15947" started-at="2018-05-07T09:59:14Z" finished-at="2018-05-07T09:59:30Z">
    <groups>
    </groups>
    <test name="Test" duration-ms="15947" started-at="2018-05-07T09:59:14Z" finished-at="2018-05-07T09:59:30Z">
      <class name="com.qa.testCases.TestScripts_001">
        <test-method status="PASS" signature="setUp()[pri:0, instance:com.qa.testCases.TestScripts_001@3f4d3d]" name="setUp" duration-ms="15771" started-at="2018-05-07T09:59:15Z" finished-at="2018-05-07T09:59:30Z">
          <reporter-output>
          </reporter-output>
        </test-method> <!-- setUp -->
      </class> <!-- com.qa.testCases.TestScripts_001 -->
    </test> <!-- Test -->
  </suite> <!-- Suite -->
</testng-results>
